Analysis & Synthesis report for FinalProject
Thu Apr 30 01:44:57 2026
Quartus Prime Version 18.1.0 Build 625 09/12/2018 SJ Lite Edition


---------------------
; Table of Contents ;
---------------------
  1. Legal Notice
  2. Analysis & Synthesis Summary
  3. Analysis & Synthesis Settings
  4. Parallel Compilation
  5. Analysis & Synthesis Source Files Read
  6. Analysis & Synthesis Resource Usage Summary
  7. Analysis & Synthesis Resource Utilization by Entity
  8. State Machine - |FinalProject|top_encryption_demo:inst|state
  9. Registers Removed During Synthesis
 10. General Register Statistics
 11. Inverted Register Statistics
 12. Multiplexer Restructuring Statistics (Restructuring Performed)
 13. Port Connectivity Checks: "top_encryption_demo:inst|spn_core_inv:u_spn_dec"
 14. Port Connectivity Checks: "top_encryption_demo:inst|spn_core:u_spn"
 15. Post-Synthesis Netlist Statistics for Top Partition
 16. Elapsed Time Per Partition
 17. Analysis & Synthesis Messages



----------------
; Legal Notice ;
----------------
Copyright (C) 2018  Intel Corporation. All rights reserved.
Your use of Intel Corporation's design tools, logic functions 
and other software and tools, and its AMPP partner logic 
functions, and any output files from any of the foregoing 
(including device programming or simulation files), and any 
associated documentation or information are expressly subject 
to the terms and conditions of the Intel Program License 
Subscription Agreement, the Intel Quartus Prime License Agreement,
the Intel FPGA IP License Agreement, or other applicable license
agreement, including, without limitation, that your use is for
the sole purpose of programming logic devices manufactured by
Intel and sold by Intel or its authorized distributors.  Please
refer to the applicable agreement for further details.



+----------------------------------------------------------------------------------+
; Analysis & Synthesis Summary                                                     ;
+------------------------------------+---------------------------------------------+
; Analysis & Synthesis Status        ; Successful - Thu Apr 30 01:44:57 2026       ;
; Quartus Prime Version              ; 18.1.0 Build 625 09/12/2018 SJ Lite Edition ;
; Revision Name                      ; FinalProject                                ;
; Top-level Entity Name              ; FinalProject                                ;
; Family                             ; MAX 10                                      ;
; Total logic elements               ; 1,379                                       ;
;     Total combinational functions  ; 855                                         ;
;     Dedicated logic registers      ; 610                                         ;
; Total registers                    ; 610                                         ;
; Total pins                         ; 5                                           ;
; Total virtual pins                 ; 0                                           ;
; Total memory bits                  ; 0                                           ;
; Embedded Multiplier 9-bit elements ; 0                                           ;
; Total PLLs                         ; 0                                           ;
; UFM blocks                         ; 0                                           ;
; ADC blocks                         ; 0                                           ;
+------------------------------------+---------------------------------------------+


+------------------------------------------------------------------------------------------------------------+
; Analysis & Synthesis Settings                                                                              ;
+------------------------------------------------------------------+--------------------+--------------------+
; Option                                                           ; Setting            ; Default Value      ;
+------------------------------------------------------------------+--------------------+--------------------+
; Device                                                           ; 10M50DAF484C7G     ;                    ;
; Top-level entity name                                            ; FinalProject       ; FinalProject       ;
; Family name                                                      ; MAX 10             ; Cyclone V          ;
; Use smart compilation                                            ; Off                ; Off                ;
; Enable parallel Assembler and Timing Analyzer during compilation ; On                 ; On                 ;
; Enable compact report table                                      ; Off                ; Off                ;
; Restructure Multiplexers                                         ; Auto               ; Auto               ;
; Create Debugging Nodes for IP Cores                              ; Off                ; Off                ;
; Preserve fewer node names                                        ; On                 ; On                 ;
; Intel FPGA IP Evaluation Mode                                    ; Enable             ; Enable             ;
; Verilog Version                                                  ; Verilog_2001       ; Verilog_2001       ;
; VHDL Version                                                     ; VHDL_1993          ; VHDL_1993          ;
; State Machine Processing                                         ; Auto               ; Auto               ;
; Safe State Machine                                               ; Off                ; Off                ;
; Extract Verilog State Machines                                   ; On                 ; On                 ;
; Extract VHDL State Machines                                      ; On                 ; On                 ;
; Ignore Verilog initial constructs                                ; Off                ; Off                ;
; Iteration limit for constant Verilog loops                       ; 5000               ; 5000               ;
; Iteration limit for non-constant Verilog loops                   ; 250                ; 250                ;
; Add Pass-Through Logic to Inferred RAMs                          ; On                 ; On                 ;
; Infer RAMs from Raw Logic                                        ; On                 ; On                 ;
; Parallel Synthesis                                               ; On                 ; On                 ;
; DSP Block Balancing                                              ; Auto               ; Auto               ;
; NOT Gate Push-Back                                               ; On                 ; On                 ;
; Power-Up Don't Care                                              ; On                 ; On                 ;
; Remove Redundant Logic Cells                                     ; Off                ; Off                ;
; Remove Duplicate Registers                                       ; On                 ; On                 ;
; Ignore CARRY Buffers                                             ; Off                ; Off                ;
; Ignore CASCADE Buffers                                           ; Off                ; Off                ;
; Ignore GLOBAL Buffers                                            ; Off                ; Off                ;
; Ignore ROW GLOBAL Buffers                                        ; Off                ; Off                ;
; Ignore LCELL Buffers                                             ; Off                ; Off                ;
; Ignore SOFT Buffers                                              ; On                 ; On                 ;
; Limit AHDL Integers to 32 Bits                                   ; Off                ; Off                ;
; Optimization Technique                                           ; Balanced           ; Balanced           ;
; Carry Chain Length                                               ; 70                 ; 70                 ;
; Auto Carry Chains                                                ; On                 ; On                 ;
; Auto Open-Drain Pins                                             ; On                 ; On                 ;
; Perform WYSIWYG Primitive Resynthesis                            ; Off                ; Off                ;
; Auto ROM Replacement                                             ; On                 ; On                 ;
; Auto RAM Replacement                                             ; On                 ; On                 ;
; Auto DSP Block Replacement                                       ; On                 ; On                 ;
; Auto Shift Register Replacement                                  ; Auto               ; Auto               ;
; Allow Shift Register Merging across Hierarchies                  ; Auto               ; Auto               ;
; Auto Clock Enable Replacement                                    ; On                 ; On                 ;
; Strict RAM Replacement                                           ; Off                ; Off                ;
; Allow Synchronous Control Signals                                ; On                 ; On                 ;
; Force Use of Synchronous Clear Signals                           ; Off                ; Off                ;
; Auto RAM Block Balancing                                         ; On                 ; On                 ;
; Auto RAM to Logic Cell Conversion                                ; Off                ; Off                ;
; Auto Resource Sharing                                            ; Off                ; Off                ;
; Allow Any RAM Size For Recognition                               ; Off                ; Off                ;
; Allow Any ROM Size For Recognition                               ; Off                ; Off                ;
; Allow Any Shift Register Size For Recognition                    ; Off                ; Off                ;
; Use LogicLock Constraints during Resource Balancing              ; On                 ; On                 ;
; Ignore translate_off and synthesis_off directives                ; Off                ; Off                ;
; Timing-Driven Synthesis                                          ; On                 ; On                 ;
; Report Parameter Settings                                        ; On                 ; On                 ;
; Report Source Assignments                                        ; On                 ; On                 ;
; Report Connectivity Checks                                       ; On                 ; On                 ;
; Ignore Maximum Fan-Out Assignments                               ; Off                ; Off                ;
; Synchronization Register Chain Length                            ; 2                  ; 2                  ;
; Power Optimization During Synthesis                              ; Normal compilation ; Normal compilation ;
; HDL message level                                                ; Level2             ; Level2             ;
; Suppress Register Optimization Related Messages                  ; Off                ; Off                ;
; Number of Removed Registers Reported in Synthesis Report         ; 5000               ; 5000               ;
; Number of Swept Nodes Reported in Synthesis Report               ; 5000               ; 5000               ;
; Number of Inverted Registers Reported in Synthesis Report        ; 100                ; 100                ;
; Clock MUX Protection                                             ; On                 ; On                 ;
; Auto Gated Clock Conversion                                      ; Off                ; Off                ;
; Block Design Naming                                              ; Auto               ; Auto               ;
; SDC constraint protection                                        ; Off                ; Off                ;
; Synthesis Effort                                                 ; Auto               ; Auto               ;
; Shift Register Replacement - Allow Asynchronous Clear Signal     ; On                 ; On                 ;
; Pre-Mapping Resynthesis Optimization                             ; Off                ; Off                ;
; Analysis & Synthesis Message Level                               ; Medium             ; Medium             ;
; Disable Register Merging Across Hierarchies                      ; Auto               ; Auto               ;
; Resource Aware Inference For Block RAM                           ; On                 ; On                 ;
+------------------------------------------------------------------+--------------------+--------------------+


+------------------------------------------+
; Parallel Compilation                     ;
+----------------------------+-------------+
; Processors                 ; Number      ;
+----------------------------+-------------+
; Number detected on machine ; 16          ;
; Maximum allowed            ; 16          ;
;                            ;             ;
; Average used               ; 1.00        ;
; Maximum used               ; 16          ;
;                            ;             ;
; Usage by Processor         ; % Time Used ;
;     Processor 1            ; 100.0%      ;
;     Processor 2            ;   0.0%      ;
;     Processor 3            ;   0.0%      ;
;     Processor 4            ;   0.0%      ;
;     Processor 5            ;   0.0%      ;
;     Processor 6            ;   0.0%      ;
;     Processor 7            ;   0.0%      ;
;     Processor 8            ;   0.0%      ;
;     Processors 9-16        ;   0.0%      ;
+----------------------------+-------------+


+------------------------------------------------------------------------------------------------------------------------------------------------------------------------------------------------+
; Analysis & Synthesis Source Files Read                                                                                                                                                         ;
+----------------------------------+-----------------+------------------------------------+--------------------------------------------------------------------------------------------+---------+
; File Name with User-Entered Path ; Used in Netlist ; File Type                          ; File Name with Absolute Path                                                               ; Library ;
+----------------------------------+-----------------+------------------------------------+--------------------------------------------------------------------------------------------+---------+
; FinalProject.bdf                 ; yes             ; User Block Diagram/Schematic File  ; C:/Users/Steve/Documents/Spring 2026/LogicProgramming/finalproject/FinalProject.bdf        ;         ;
; uart_tx.vhd                      ; yes             ; User VHDL File                     ; C:/Users/Steve/Documents/Spring 2026/LogicProgramming/finalproject/uart_tx.vhd             ;         ;
; encrypt_core.vhd                 ; yes             ; User VHDL File                     ; C:/Users/Steve/Documents/Spring 2026/LogicProgramming/finalproject/encrypt_core.vhd        ;         ;
; top_encryption_demo.vhd          ; yes             ; User VHDL File                     ; C:/Users/Steve/Documents/Spring 2026/LogicProgramming/finalproject/top_encryption_demo.vhd ;         ;
; uart_rx.vhd                      ; yes             ; User VHDL File                     ; C:/Users/Steve/Documents/Spring 2026/LogicProgramming/finalproject/uart_rx.vhd             ;         ;
; types_pkg.vhd                    ; yes             ; User VHDL File                     ; C:/Users/Steve/Documents/Spring 2026/LogicProgramming/finalproject/types_pkg.vhd           ;         ;
; decrypt_core.vhd                 ; yes             ; User VHDL File                     ; C:/Users/Steve/Documents/Spring 2026/LogicProgramming/finalproject/decrypt_core.vhd        ;         ;
+----------------------------------+-----------------+------------------------------------+--------------------------------------------------------------------------------------------+---------+


+---------------------------------------------------------+
; Analysis & Synthesis Resource Usage Summary             ;
+---------------------------------------------+-----------+
; Resource                                    ; Usage     ;
+---------------------------------------------+-----------+
; Estimated Total logic elements              ; 1,379     ;
;                                             ;           ;
; Total combinational functions               ; 855       ;
; Logic element usage by number of LUT inputs ;           ;
;     -- 4 input functions                    ; 681       ;
;     -- 3 input functions                    ; 90        ;
;     -- <=2 input functions                  ; 84        ;
;                                             ;           ;
; Logic elements by mode                      ;           ;
;     -- normal mode                          ; 800       ;
;     -- arithmetic mode                      ; 55        ;
;                                             ;           ;
; Total registers                             ; 610       ;
;     -- Dedicated logic registers            ; 610       ;
;     -- I/O registers                        ; 0         ;
;                                             ;           ;
; I/O pins                                    ; 5         ;
;                                             ;           ;
; Embedded Multiplier 9-bit elements          ; 0         ;
;                                             ;           ;
; Maximum fan-out node                        ; CLK~input ;
; Maximum fan-out                             ; 610       ;
; Total fan-out                               ; 5031      ;
; Average fan-out                             ; 3.41      ;
+---------------------------------------------+-----------+


+------------------------------------------------------------------------------------------------------------------------------------------------------------------------------------------------------------------------------------------------------------------------------------------+
; Analysis & Synthesis Resource Utilization by Entity                                                                                                                                                                                                                                      ;
+--------------------------------+---------------------+---------------------------+-------------+------------+--------------+---------+-----------+------+--------------+------------+---------------------------------------------------------------+---------------------+--------------+
; Compilation Hierarchy Node     ; Combinational ALUTs ; Dedicated Logic Registers ; Memory Bits ; UFM Blocks ; DSP Elements ; DSP 9x9 ; DSP 18x18 ; Pins ; Virtual Pins ; ADC blocks ; Full Hierarchy Name                                           ; Entity Name         ; Library Name ;
+--------------------------------+---------------------+---------------------------+-------------+------------+--------------+---------+-----------+------+--------------+------------+---------------------------------------------------------------+---------------------+--------------+
; |FinalProject                  ; 855 (1)             ; 610 (0)                   ; 0           ; 0          ; 0            ; 0       ; 0         ; 5    ; 0            ; 0          ; |FinalProject                                                 ; FinalProject        ; work         ;
;    |top_encryption_demo:inst|  ; 854 (618)           ; 610 (546)                 ; 0           ; 0          ; 0            ; 0       ; 0         ; 0    ; 0            ; 0          ; |FinalProject|top_encryption_demo:inst                        ; top_encryption_demo ; work         ;
;       |spn_core:u_spn|         ; 58 (58)             ; 0 (0)                     ; 0           ; 0          ; 0            ; 0       ; 0         ; 0    ; 0            ; 0          ; |FinalProject|top_encryption_demo:inst|spn_core:u_spn         ; spn_core            ; work         ;
;       |spn_core_inv:u_spn_dec| ; 91 (91)             ; 0 (0)                     ; 0           ; 0          ; 0            ; 0       ; 0         ; 0    ; 0            ; 0          ; |FinalProject|top_encryption_demo:inst|spn_core_inv:u_spn_dec ; spn_core_inv        ; work         ;
;       |uart_rx:u_rx|           ; 51 (51)             ; 37 (37)                   ; 0           ; 0          ; 0            ; 0       ; 0         ; 0    ; 0            ; 0          ; |FinalProject|top_encryption_demo:inst|uart_rx:u_rx           ; uart_rx             ; work         ;
;       |uart_tx:u_tx|           ; 36 (36)             ; 27 (27)                   ; 0           ; 0          ; 0            ; 0       ; 0         ; 0    ; 0            ; 0          ; |FinalProject|top_encryption_demo:inst|uart_tx:u_tx           ; uart_tx             ; work         ;
+--------------------------------+---------------------+---------------------------+-------------+------------+--------------+---------+-----------+------+--------------+------------+---------------------------------------------------------------+---------------------+--------------+
Note: For table entries with two numbers listed, the numbers in parentheses indicate the number of resources of the given type used by the specific entity alone. The numbers listed outside of parentheses indicate the total resources of the given type used by the specific entity and all of its sub-entities in the hierarchy.


Encoding Type:  One-Hot
+-------------------------------------------------------------------------------------------------------------------------------+
; State Machine - |FinalProject|top_encryption_demo:inst|state                                                                  ;
+------------------+-----------------+-----------------+-----------------+-----------------+------------------+-----------------+
; Name             ; state.S_TX_WAIT ; state.S_TX_SEND ; state.S_TX_LOAD ; state.S_PROCESS ; state.S_WAIT_KEY ; state.S_RECEIVE ;
+------------------+-----------------+-----------------+-----------------+-----------------+------------------+-----------------+
; state.S_RECEIVE  ; 0               ; 0               ; 0               ; 0               ; 0                ; 0               ;
; state.S_WAIT_KEY ; 0               ; 0               ; 0               ; 0               ; 1                ; 1               ;
; state.S_PROCESS  ; 0               ; 0               ; 0               ; 1               ; 0                ; 1               ;
; state.S_TX_LOAD  ; 0               ; 0               ; 1               ; 0               ; 0                ; 1               ;
; state.S_TX_SEND  ; 0               ; 1               ; 0               ; 0               ; 0                ; 1               ;
; state.S_TX_WAIT  ; 1               ; 0               ; 0               ; 0               ; 0                ; 1               ;
+------------------+-----------------+-----------------+-----------------+-----------------+------------------+-----------------+


+-------------------------------------------------------------------------------------------+
; Registers Removed During Synthesis                                                        ;
+--------------------------------------------------+----------------------------------------+
; Register name                                    ; Reason for Removal                     ;
+--------------------------------------------------+----------------------------------------+
; top_encryption_demo:inst|uart_tx:u_tx|shifter[0] ; Stuck at GND due to stuck port data_in ;
; top_encryption_demo:inst|uart_tx:u_tx|shifter[9] ; Stuck at VCC due to stuck port data_in ;
; Total Number of Removed Registers = 2            ;                                        ;
+--------------------------------------------------+----------------------------------------+


+------------------------------------------------------+
; General Register Statistics                          ;
+----------------------------------------------+-------+
; Statistic                                    ; Value ;
+----------------------------------------------+-------+
; Total registers                              ; 610   ;
; Number of registers using Synchronous Clear  ; 22    ;
; Number of registers using Synchronous Load   ; 15    ;
; Number of registers using Asynchronous Clear ; 26    ;
; Number of registers using Asynchronous Load  ; 0     ;
; Number of registers using Clock Enable       ; 576   ;
; Number of registers using Preset             ; 0     ;
+----------------------------------------------+-------+


+------------------------------------------------------------+
; Inverted Register Statistics                               ;
+--------------------------------------------------+---------+
; Inverted Register                                ; Fan out ;
+--------------------------------------------------+---------+
; top_encryption_demo:inst|uart_tx:u_tx|tx_reg     ; 2       ;
; top_encryption_demo:inst|enc_mode                ; 8       ;
; top_encryption_demo:inst|key0_sync[1]            ; 2       ;
; top_encryption_demo:inst|key0_sync[2]            ; 1       ;
; top_encryption_demo:inst|key0_sync[0]            ; 1       ;
; top_encryption_demo:inst|uart_rx:u_rx|rx_sync[1] ; 10      ;
; top_encryption_demo:inst|uart_rx:u_rx|rx_sync[0] ; 1       ;
; Total number of inverted registers = 7           ;         ;
+--------------------------------------------------+---------+


+-------------------------------------------------------------------------------------------------------------------------------------------------------------------------------+
; Multiplexer Restructuring Statistics (Restructuring Performed)                                                                                                                ;
+--------------------+-----------+---------------+----------------------+------------------------+------------+-----------------------------------------------------------------+
; Multiplexer Inputs ; Bus Width ; Baseline Area ; Area if Restructured ; Saving if Restructured ; Registered ; Example Multiplexer Output                                      ;
+--------------------+-----------+---------------+----------------------+------------------------+------------+-----------------------------------------------------------------+
; 3:1                ; 4 bits    ; 8 LEs         ; 4 LEs                ; 4 LEs                  ; Yes        ; |FinalProject|top_encryption_demo:inst|uart_tx:u_tx|bit_cnt[3]  ;
; 3:1                ; 7 bits    ; 14 LEs        ; 0 LEs                ; 14 LEs                 ; Yes        ; |FinalProject|top_encryption_demo:inst|buf_len[6]               ;
; 4:1                ; 13 bits   ; 26 LEs        ; 13 LEs               ; 13 LEs                 ; Yes        ; |FinalProject|top_encryption_demo:inst|uart_tx:u_tx|baud_cnt[0] ;
; 4:1                ; 13 bits   ; 26 LEs        ; 26 LEs               ; 0 LEs                  ; Yes        ; |FinalProject|top_encryption_demo:inst|uart_rx:u_rx|baud_cnt[6] ;
; 5:1                ; 4 bits    ; 12 LEs        ; 8 LEs                ; 4 LEs                  ; Yes        ; |FinalProject|top_encryption_demo:inst|uart_rx:u_rx|bit_cnt[0]  ;
; 5:1                ; 8 bits    ; 24 LEs        ; 8 LEs                ; 16 LEs                 ; Yes        ; |FinalProject|top_encryption_demo:inst|text_buffer[0][5]        ;
; 5:1                ; 8 bits    ; 24 LEs        ; 8 LEs                ; 16 LEs                 ; Yes        ; |FinalProject|top_encryption_demo:inst|text_buffer[1][0]        ;
; 5:1                ; 8 bits    ; 24 LEs        ; 8 LEs                ; 16 LEs                 ; Yes        ; |FinalProject|top_encryption_demo:inst|text_buffer[2][7]        ;
; 5:1                ; 8 bits    ; 24 LEs        ; 8 LEs                ; 16 LEs                 ; Yes        ; |FinalProject|top_encryption_demo:inst|text_buffer[3][2]        ;
; 5:1                ; 8 bits    ; 24 LEs        ; 8 LEs                ; 16 LEs                 ; Yes        ; |FinalProject|top_encryption_demo:inst|text_buffer[4][5]        ;
; 5:1                ; 8 bits    ; 24 LEs        ; 8 LEs                ; 16 LEs                 ; Yes        ; |FinalProject|top_encryption_demo:inst|text_buffer[5][3]        ;
; 5:1                ; 8 bits    ; 24 LEs        ; 8 LEs                ; 16 LEs                 ; Yes        ; |FinalProject|top_encryption_demo:inst|text_buffer[6][6]        ;
; 5:1                ; 8 bits    ; 24 LEs        ; 8 LEs                ; 16 LEs                 ; Yes        ; |FinalProject|top_encryption_demo:inst|text_buffer[7][4]        ;
; 5:1                ; 8 bits    ; 24 LEs        ; 8 LEs                ; 16 LEs                 ; Yes        ; |FinalProject|top_encryption_demo:inst|text_buffer[8][3]        ;
; 5:1                ; 8 bits    ; 24 LEs        ; 8 LEs                ; 16 LEs                 ; Yes        ; |FinalProject|top_encryption_demo:inst|text_buffer[9][0]        ;
; 5:1                ; 8 bits    ; 24 LEs        ; 8 LEs                ; 16 LEs                 ; Yes        ; |FinalProject|top_encryption_demo:inst|text_buffer[10][7]       ;
; 5:1                ; 8 bits    ; 24 LEs        ; 8 LEs                ; 16 LEs                 ; Yes        ; |FinalProject|top_encryption_demo:inst|text_buffer[11][6]       ;
; 5:1                ; 8 bits    ; 24 LEs        ; 8 LEs                ; 16 LEs                 ; Yes        ; |FinalProject|top_encryption_demo:inst|text_buffer[12][1]       ;
; 5:1                ; 8 bits    ; 24 LEs        ; 8 LEs                ; 16 LEs                 ; Yes        ; |FinalProject|top_encryption_demo:inst|text_buffer[13][5]       ;
; 5:1                ; 8 bits    ; 24 LEs        ; 8 LEs                ; 16 LEs                 ; Yes        ; |FinalProject|top_encryption_demo:inst|text_buffer[14][1]       ;
; 5:1                ; 8 bits    ; 24 LEs        ; 8 LEs                ; 16 LEs                 ; Yes        ; |FinalProject|top_encryption_demo:inst|text_buffer[15][1]       ;
; 5:1                ; 8 bits    ; 24 LEs        ; 8 LEs                ; 16 LEs                 ; Yes        ; |FinalProject|top_encryption_demo:inst|text_buffer[16][1]       ;
; 5:1                ; 8 bits    ; 24 LEs        ; 8 LEs                ; 16 LEs                 ; Yes        ; |FinalProject|top_encryption_demo:inst|text_buffer[17][4]       ;
; 5:1                ; 8 bits    ; 24 LEs        ; 8 LEs                ; 16 LEs                 ; Yes        ; |FinalProject|top_encryption_demo:inst|text_buffer[18][6]       ;
; 5:1                ; 8 bits    ; 24 LEs        ; 8 LEs                ; 16 LEs                 ; Yes        ; |FinalProject|top_encryption_demo:inst|text_buffer[19][4]       ;
; 5:1                ; 8 bits    ; 24 LEs        ; 8 LEs                ; 16 LEs                 ; Yes        ; |FinalProject|top_encryption_demo:inst|text_buffer[20][7]       ;
; 5:1                ; 8 bits    ; 24 LEs        ; 8 LEs                ; 16 LEs                 ; Yes        ; |FinalProject|top_encryption_demo:inst|text_buffer[21][2]       ;
; 5:1                ; 8 bits    ; 24 LEs        ; 8 LEs                ; 16 LEs                 ; Yes        ; |FinalProject|top_encryption_demo:inst|text_buffer[22][6]       ;
; 5:1                ; 8 bits    ; 24 LEs        ; 8 LEs                ; 16 LEs                 ; Yes        ; |FinalProject|top_encryption_demo:inst|text_buffer[23][6]       ;
; 5:1                ; 8 bits    ; 24 LEs        ; 8 LEs                ; 16 LEs                 ; Yes        ; |FinalProject|top_encryption_demo:inst|text_buffer[24][7]       ;
; 5:1                ; 8 bits    ; 24 LEs        ; 8 LEs                ; 16 LEs                 ; Yes        ; |FinalProject|top_encryption_demo:inst|text_buffer[25][3]       ;
; 5:1                ; 8 bits    ; 24 LEs        ; 8 LEs                ; 16 LEs                 ; Yes        ; |FinalProject|top_encryption_demo:inst|text_buffer[26][3]       ;
; 5:1                ; 8 bits    ; 24 LEs        ; 8 LEs                ; 16 LEs                 ; Yes        ; |FinalProject|top_encryption_demo:inst|text_buffer[27][3]       ;
; 5:1                ; 8 bits    ; 24 LEs        ; 8 LEs                ; 16 LEs                 ; Yes        ; |FinalProject|top_encryption_demo:inst|text_buffer[28][3]       ;
; 5:1                ; 8 bits    ; 24 LEs        ; 8 LEs                ; 16 LEs                 ; Yes        ; |FinalProject|top_encryption_demo:inst|text_buffer[29][3]       ;
; 5:1                ; 8 bits    ; 24 LEs        ; 8 LEs                ; 16 LEs                 ; Yes        ; |FinalProject|top_encryption_demo:inst|text_buffer[30][1]       ;
; 5:1                ; 8 bits    ; 24 LEs        ; 8 LEs                ; 16 LEs                 ; Yes        ; |FinalProject|top_encryption_demo:inst|text_buffer[31][7]       ;
; 5:1                ; 8 bits    ; 24 LEs        ; 8 LEs                ; 16 LEs                 ; Yes        ; |FinalProject|top_encryption_demo:inst|text_buffer[32][3]       ;
; 5:1                ; 8 bits    ; 24 LEs        ; 8 LEs                ; 16 LEs                 ; Yes        ; |FinalProject|top_encryption_demo:inst|text_buffer[33][1]       ;
; 5:1                ; 8 bits    ; 24 LEs        ; 8 LEs                ; 16 LEs                 ; Yes        ; |FinalProject|top_encryption_demo:inst|text_buffer[34][0]       ;
; 5:1                ; 8 bits    ; 24 LEs        ; 8 LEs                ; 16 LEs                 ; Yes        ; |FinalProject|top_encryption_demo:inst|text_buffer[35][1]       ;
; 5:1                ; 8 bits    ; 24 LEs        ; 8 LEs                ; 16 LEs                 ; Yes        ; |FinalProject|top_encryption_demo:inst|text_buffer[36][3]       ;
; 5:1                ; 8 bits    ; 24 LEs        ; 8 LEs                ; 16 LEs                 ; Yes        ; |FinalProject|top_encryption_demo:inst|text_buffer[37][6]       ;
; 5:1                ; 8 bits    ; 24 LEs        ; 8 LEs                ; 16 LEs                 ; Yes        ; |FinalProject|top_encryption_demo:inst|text_buffer[38][3]       ;
; 5:1                ; 8 bits    ; 24 LEs        ; 8 LEs                ; 16 LEs                 ; Yes        ; |FinalProject|top_encryption_demo:inst|text_buffer[39][6]       ;
; 5:1                ; 8 bits    ; 24 LEs        ; 8 LEs                ; 16 LEs                 ; Yes        ; |FinalProject|top_encryption_demo:inst|text_buffer[40][0]       ;
; 5:1                ; 8 bits    ; 24 LEs        ; 8 LEs                ; 16 LEs                 ; Yes        ; |FinalProject|top_encryption_demo:inst|text_buffer[41][6]       ;
; 5:1                ; 8 bits    ; 24 LEs        ; 8 LEs                ; 16 LEs                 ; Yes        ; |FinalProject|top_encryption_demo:inst|text_buffer[42][6]       ;
; 5:1                ; 8 bits    ; 24 LEs        ; 8 LEs                ; 16 LEs                 ; Yes        ; |FinalProject|top_encryption_demo:inst|text_buffer[43][0]       ;
; 5:1                ; 8 bits    ; 24 LEs        ; 8 LEs                ; 16 LEs                 ; Yes        ; |FinalProject|top_encryption_demo:inst|text_buffer[44][4]       ;
; 5:1                ; 8 bits    ; 24 LEs        ; 8 LEs                ; 16 LEs                 ; Yes        ; |FinalProject|top_encryption_demo:inst|text_buffer[45][6]       ;
; 5:1                ; 8 bits    ; 24 LEs        ; 8 LEs                ; 16 LEs                 ; Yes        ; |FinalProject|top_encryption_demo:inst|text_buffer[46][1]       ;
; 5:1                ; 8 bits    ; 24 LEs        ; 8 LEs                ; 16 LEs                 ; Yes        ; |FinalProject|top_encryption_demo:inst|text_buffer[47][3]       ;
; 5:1                ; 8 bits    ; 24 LEs        ; 8 LEs                ; 16 LEs                 ; Yes        ; |FinalProject|top_encryption_demo:inst|text_buffer[48][3]       ;
; 5:1                ; 8 bits    ; 24 LEs        ; 8 LEs                ; 16 LEs                 ; Yes        ; |FinalProject|top_encryption_demo:inst|text_buffer[49][5]       ;
; 5:1                ; 8 bits    ; 24 LEs        ; 8 LEs                ; 16 LEs                 ; Yes        ; |FinalProject|top_encryption_demo:inst|text_buffer[50][3]       ;
; 5:1                ; 8 bits    ; 24 LEs        ; 8 LEs                ; 16 LEs                 ; Yes        ; |FinalProject|top_encryption_demo:inst|text_buffer[51][7]       ;
; 5:1                ; 8 bits    ; 24 LEs        ; 8 LEs                ; 16 LEs                 ; Yes        ; |FinalProject|top_encryption_demo:inst|text_buffer[52][7]       ;
; 5:1                ; 8 bits    ; 24 LEs        ; 8 LEs                ; 16 LEs                 ; Yes        ; |FinalProject|top_encryption_demo:inst|text_buffer[53][7]       ;
; 5:1                ; 8 bits    ; 24 LEs        ; 8 LEs                ; 16 LEs                 ; Yes        ; |FinalProject|top_encryption_demo:inst|text_buffer[54][7]       ;
; 5:1                ; 8 bits    ; 24 LEs        ; 8 LEs                ; 16 LEs                 ; Yes        ; |FinalProject|top_encryption_demo:inst|text_buffer[55][7]       ;
; 5:1                ; 8 bits    ; 24 LEs        ; 8 LEs                ; 16 LEs                 ; Yes        ; |FinalProject|top_encryption_demo:inst|text_buffer[56][2]       ;
; 5:1                ; 8 bits    ; 24 LEs        ; 8 LEs                ; 16 LEs                 ; Yes        ; |FinalProject|top_encryption_demo:inst|text_buffer[57][5]       ;
; 5:1                ; 8 bits    ; 24 LEs        ; 8 LEs                ; 16 LEs                 ; Yes        ; |FinalProject|top_encryption_demo:inst|text_buffer[58][1]       ;
; 5:1                ; 8 bits    ; 24 LEs        ; 8 LEs                ; 16 LEs                 ; Yes        ; |FinalProject|top_encryption_demo:inst|text_buffer[59][1]       ;
; 5:1                ; 8 bits    ; 24 LEs        ; 8 LEs                ; 16 LEs                 ; Yes        ; |FinalProject|top_encryption_demo:inst|text_buffer[60][1]       ;
; 5:1                ; 8 bits    ; 24 LEs        ; 8 LEs                ; 16 LEs                 ; Yes        ; |FinalProject|top_encryption_demo:inst|text_buffer[61][3]       ;
; 5:1                ; 8 bits    ; 24 LEs        ; 8 LEs                ; 16 LEs                 ; Yes        ; |FinalProject|top_encryption_demo:inst|text_buffer[62][5]       ;
; 5:1                ; 8 bits    ; 24 LEs        ; 8 LEs                ; 16 LEs                 ; Yes        ; |FinalProject|top_encryption_demo:inst|text_buffer[63][2]       ;
; 8:1                ; 7 bits    ; 35 LEs        ; 7 LEs                ; 28 LEs                 ; Yes        ; |FinalProject|top_encryption_demo:inst|index[5]                 ;
; 64:1               ; 8 bits    ; 336 LEs       ; 336 LEs              ; 0 LEs                  ; No         ; |FinalProject|top_encryption_demo:inst|Mux22                    ;
; 11:1               ; 4 bits    ; 28 LEs        ; 16 LEs               ; 12 LEs                 ; No         ; |FinalProject|top_encryption_demo:inst|Selector519              ;
; 11:1               ; 2 bits    ; 14 LEs        ; 8 LEs                ; 6 LEs                  ; No         ; |FinalProject|top_encryption_demo:inst|Selector520              ;
+--------------------+-----------+---------------+----------------------+------------------------+------------+-----------------------------------------------------------------+


+-----------------------------------------------------------------------------+
; Port Connectivity Checks: "top_encryption_demo:inst|spn_core_inv:u_spn_dec" ;
+------------+-------+----------+---------------------------------------------+
; Port       ; Type  ; Severity ; Details                                     ;
+------------+-------+----------+---------------------------------------------+
; key0[7..5] ; Input ; Info     ; Stuck at GND                                ;
; key0[3..2] ; Input ; Info     ; Stuck at GND                                ;
; key0[4]    ; Input ; Info     ; Stuck at VCC                                ;
; key0[1]    ; Input ; Info     ; Stuck at VCC                                ;
; key0[0]    ; Input ; Info     ; Stuck at GND                                ;
; key1[2..0] ; Input ; Info     ; Stuck at VCC                                ;
; key1[4..3] ; Input ; Info     ; Stuck at GND                                ;
; key1[7]    ; Input ; Info     ; Stuck at VCC                                ;
; key1[6]    ; Input ; Info     ; Stuck at GND                                ;
; key1[5]    ; Input ; Info     ; Stuck at VCC                                ;
; key2[4..2] ; Input ; Info     ; Stuck at VCC                                ;
; key2[1..0] ; Input ; Info     ; Stuck at GND                                ;
; key2[7]    ; Input ; Info     ; Stuck at GND                                ;
; key2[6]    ; Input ; Info     ; Stuck at VCC                                ;
; key2[5]    ; Input ; Info     ; Stuck at GND                                ;
; key3[7..4] ; Input ; Info     ; Stuck at VCC                                ;
; key3[3..1] ; Input ; Info     ; Stuck at GND                                ;
; key3[0]    ; Input ; Info     ; Stuck at VCC                                ;
+------------+-------+----------+---------------------------------------------+


+---------------------------------------------------------------------+
; Port Connectivity Checks: "top_encryption_demo:inst|spn_core:u_spn" ;
+------------+-------+----------+-------------------------------------+
; Port       ; Type  ; Severity ; Details                             ;
+------------+-------+----------+-------------------------------------+
; key0[7..5] ; Input ; Info     ; Stuck at GND                        ;
; key0[3..2] ; Input ; Info     ; Stuck at GND                        ;
; key0[4]    ; Input ; Info     ; Stuck at VCC                        ;
; key0[1]    ; Input ; Info     ; Stuck at VCC                        ;
; key0[0]    ; Input ; Info     ; Stuck at GND                        ;
; key1[2..0] ; Input ; Info     ; Stuck at VCC                        ;
; key1[4..3] ; Input ; Info     ; Stuck at GND                        ;
; key1[7]    ; Input ; Info     ; Stuck at VCC                        ;
; key1[6]    ; Input ; Info     ; Stuck at GND                        ;
; key1[5]    ; Input ; Info     ; Stuck at VCC                        ;
; key2[4..2] ; Input ; Info     ; Stuck at VCC                        ;
; key2[1..0] ; Input ; Info     ; Stuck at GND                        ;
; key2[7]    ; Input ; Info     ; Stuck at GND                        ;
; key2[6]    ; Input ; Info     ; Stuck at VCC                        ;
; key2[5]    ; Input ; Info     ; Stuck at GND                        ;
; key3[7..4] ; Input ; Info     ; Stuck at VCC                        ;
; key3[3..1] ; Input ; Info     ; Stuck at GND                        ;
; key3[0]    ; Input ; Info     ; Stuck at VCC                        ;
+------------+-------+----------+-------------------------------------+


+-----------------------------------------------------+
; Post-Synthesis Netlist Statistics for Top Partition ;
+-----------------------+-----------------------------+
; Type                  ; Count                       ;
+-----------------------+-----------------------------+
; boundary_port         ; 5                           ;
; cycloneiii_ff         ; 610                         ;
;     CLR               ; 11                          ;
;     CLR SCLR          ; 1                           ;
;     ENA               ; 536                         ;
;     ENA CLR           ; 7                           ;
;     ENA CLR SCLR      ; 7                           ;
;     ENA SCLR          ; 13                          ;
;     ENA SLD           ; 13                          ;
;     SCLR              ; 1                           ;
;     SLD               ; 2                           ;
;     plain             ; 19                          ;
; cycloneiii_lcell_comb ; 856                         ;
;     arith             ; 55                          ;
;         2 data inputs ; 43                          ;
;         3 data inputs ; 12                          ;
;     normal            ; 801                         ;
;         0 data inputs ; 2                           ;
;         1 data inputs ; 8                           ;
;         2 data inputs ; 32                          ;
;         3 data inputs ; 78                          ;
;         4 data inputs ; 681                         ;
;                       ;                             ;
; Max LUT depth         ; 20.00                       ;
; Average LUT depth     ; 14.03                       ;
+-----------------------+-----------------------------+


+-------------------------------+
; Elapsed Time Per Partition    ;
+----------------+--------------+
; Partition Name ; Elapsed Time ;
+----------------+--------------+
; Top            ; 00:00:04     ;
+----------------+--------------+


+-------------------------------+
; Analysis & Synthesis Messages ;
+-------------------------------+
Info: *******************************************************************
Info: Running Quartus Prime Analysis & Synthesis
    Info: Version 18.1.0 Build 625 09/12/2018 SJ Lite Edition
    Info: Processing started: Thu Apr 30 01:44:31 2026
Info: Command: quartus_map --read_settings_files=on --write_settings_files=off FinalProject -c FinalProject
Warning (18236): Number of processors has not been specified which may cause overloading on shared machines.  Set the global assignment NUM_PARALLEL_PROCESSORS in your QSF to an appropriate value for best performance.
Info (20030): Parallel compilation is enabled and will use 16 of the 16 processors detected
Info (12021): Found 1 design units, including 1 entities, in source file finalproject.bdf
    Info (12023): Found entity 1: FinalProject
Info (12021): Found 2 design units, including 1 entities, in source file uart_tx.vhd
    Info (12022): Found design unit 1: uart_tx-rtl File: C:/Users/Steve/Documents/Spring 2026/LogicProgramming/finalproject/uart_tx.vhd Line: 15
    Info (12023): Found entity 1: uart_tx File: C:/Users/Steve/Documents/Spring 2026/LogicProgramming/finalproject/uart_tx.vhd Line: 5
Info (12021): Found 0 design units, including 0 entities, in source file top_uart.vhd
Info (12021): Found 2 design units, including 1 entities, in source file encrypt_core.vhd
    Info (12022): Found design unit 1: spn_core-rtl File: C:/Users/Steve/Documents/Spring 2026/LogicProgramming/finalproject/encrypt_core.vhd Line: 16
    Info (12023): Found entity 1: spn_core File: C:/Users/Steve/Documents/Spring 2026/LogicProgramming/finalproject/encrypt_core.vhd Line: 5
Info (12021): Found 2 design units, including 1 entities, in source file top_encryption_demo.vhd
    Info (12022): Found design unit 1: top_encryption_demo-behavioral File: C:/Users/Steve/Documents/Spring 2026/LogicProgramming/finalproject/top_encryption_demo.vhd Line: 16
    Info (12023): Found entity 1: top_encryption_demo File: C:/Users/Steve/Documents/Spring 2026/LogicProgramming/finalproject/top_encryption_demo.vhd Line: 6
Info (12021): Found 2 design units, including 1 entities, in source file uart_rx.vhd
    Info (12022): Found design unit 1: uart_rx-rtl File: C:/Users/Steve/Documents/Spring 2026/LogicProgramming/finalproject/uart_rx.vhd Line: 14
    Info (12023): Found entity 1: uart_rx File: C:/Users/Steve/Documents/Spring 2026/LogicProgramming/finalproject/uart_rx.vhd Line: 5
Info (12021): Found 1 design units, including 0 entities, in source file types_pkg.vhd
    Info (12022): Found design unit 1: types_pkg File: C:/Users/Steve/Documents/Spring 2026/LogicProgramming/finalproject/types_pkg.vhd Line: 4
Info (12021): Found 2 design units, including 1 entities, in source file decrypt_core.vhd
    Info (12022): Found design unit 1: spn_core_inv-rtl File: C:/Users/Steve/Documents/Spring 2026/LogicProgramming/finalproject/decrypt_core.vhd Line: 16
    Info (12023): Found entity 1: spn_core_inv File: C:/Users/Steve/Documents/Spring 2026/LogicProgramming/finalproject/decrypt_core.vhd Line: 5
Info (12127): Elaborating entity "FinalProject" for the top level hierarchy
Info (12128): Elaborating entity "top_encryption_demo" for hierarchy "top_encryption_demo:inst"
Info (12128): Elaborating entity "uart_rx" for hierarchy "top_encryption_demo:inst|uart_rx:u_rx" File: C:/Users/Steve/Documents/Spring 2026/LogicProgramming/finalproject/top_encryption_demo.vhd Line: 71
Info (12128): Elaborating entity "uart_tx" for hierarchy "top_encryption_demo:inst|uart_tx:u_tx" File: C:/Users/Steve/Documents/Spring 2026/LogicProgramming/finalproject/top_encryption_demo.vhd Line: 82
Info (12128): Elaborating entity "spn_core" for hierarchy "top_encryption_demo:inst|spn_core:u_spn" File: C:/Users/Steve/Documents/Spring 2026/LogicProgramming/finalproject/top_encryption_demo.vhd Line: 94
Info (12128): Elaborating entity "spn_core_inv" for hierarchy "top_encryption_demo:inst|spn_core_inv:u_spn_dec" File: C:/Users/Steve/Documents/Spring 2026/LogicProgramming/finalproject/top_encryption_demo.vhd Line: 106
Info (13000): Registers with preset signals will power-up high File: C:/Users/Steve/Documents/Spring 2026/LogicProgramming/finalproject/top_encryption_demo.vhd Line: 62
Info (13003): DEV_CLRn pin will set, and not reset, register with preset signal due to NOT Gate Push-Back
Info (286030): Timing-Driven Synthesis is running
Info (16010): Generating hard_block partition "hard_block:auto_generated_inst"
    Info (16011): Adding 0 node(s), including 0 DDIO, 0 PLL, 0 transceiver and 0 LCELL
Info (21057): Implemented 1401 device resources after synthesis - the final resource count might be different
    Info (21058): Implemented 4 input pins
    Info (21059): Implemented 1 output pins
    Info (21061): Implemented 1396 logic cells
Info: Quartus Prime Analysis & Synthesis was successful. 0 errors, 1 warning
    Info: Peak virtual memory: 4882 megabytes
    Info: Processing ended: Thu Apr 30 01:44:57 2026
    Info: Elapsed time: 00:00:26
    Info: Total CPU time (on all processors): 00:00:30


